Compiled jquery.js  (1ms)  (pid 28219)
Compiled jquery_ujs.js  (0ms)  (pid 28219)
Compiled projects.js  (81ms)  (pid 28219)
Compiled application.js  (121ms)  (pid 28219)
Compiled foundation_and_overrides.css  (2039ms)  (pid 28219)
Compiled projects.css  (5ms)  (pid 28219)
Compiled scaffolds.css  (7ms)  (pid 28219)
Compiled application.css  (2100ms)  (pid 28219)
Compiled vendor/custom.modernizr.js  (0ms)  (pid 28219)
Compiled vendor/zepto.js  (0ms)  (pid 28219)
Compiled jquery.js  (19ms)  (pid 28219)
Compiled jquery_ujs.js  (0ms)  (pid 28219)
Compiled projects.js  (47ms)  (pid 28219)
Compiled application.js  (80ms)  (pid 28219)
Compiled foundation_and_overrides.css  (2006ms)  (pid 28219)
Compiled projects.css  (5ms)  (pid 28219)
Compiled scaffolds.css  (9ms)  (pid 28219)
Compiled application.css  (2038ms)  (pid 28219)
Compiled vendor/custom.modernizr.js  (0ms)  (pid 28219)
Compiled vendor/zepto.js  (0ms)  (pid 28219)
